<?xml version="1.0" encoding="UTF-8"?>
<testng-results ignored="0" total="1" passed="1" failed="0" skipped="0">
  <reporter-output>
  </reporter-output>
  <suite started-at="2022-07-29T09:40:47 IST" name="Suite" finished-at="2022-07-29T09:40:48 IST" duration-ms="480">
    <groups>
    </groups>
    <test started-at="2022-07-29T09:40:47 IST" name="Test" finished-at="2022-07-29T09:40:48 IST" duration-ms="480">
      <class name="Mytests.TestVagrant">
        <test-method signature="f()[pri:0, instance:Mytests.TestVagrant@3a44431a]" started-at="2022-07-29T09:40:48 IST" name="f" finished-at="2022-07-29T09:40:48 IST" duration-ms="124" status="PASS">
          <reporter-output>
          </reporter-output>
        </test-method> <!-- f -->
      </class> <!-- Mytests.TestVagrant -->
    </test> <!-- Test -->
  </suite> <!-- Suite -->
</testng-results>
